# JRE version: Java(TM) SE Runtime Environment (17.0.12+8) (build 17.0.12+8-LTS-286)
# Java VM: Java HotSpot(TM) 64-Bit Server VM (17.0.12+8-LTS-286, mixed mode, sharing, tiered, compressed oops, compressed class ptrs, parallel gc, windows-amd64)
GC Precious Log:
 CPUs: 8 total, 8 available
 Memory: 16182M
 Large Page Support: Disabled
 NUMA Support: Disabled
 Compressed Oops: Enabled (Zero based)
 Alignments: Space 512K, Generation 512K, Heap 2M
 Heap Min Capacity: 8M
 Heap Initial Capacity: 254M
 Heap Max Capacity: 4G
 Pre-touch: Disabled
 Parallel Workers: 8
Heap:
 PSYoungGen      total 379392K, used 325685K [0x00000007aab00000, 0x00000007ce500000, 0x0000000800000000)
  eden space 200704K, 76% used [0x00000007aab00000,0x00000007b4070d40,0x00000007b6f00000)
  from space 178688K, 96% used [0x00000007b6f00000,0x00000007c179c928,0x00000007c1d80000)
  to   space 153088K, 0% used [0x00000007c1d80000,0x00000007c1d80000,0x00000007cb300000)
 ParOldGen       total 458240K, used 385347K [0x0000000700000000, 0x000000071bf80000, 0x00000007aab00000)
  object space 458240K, 84% used [0x0000000700000000,0x0000000717850ec8,0x000000071bf80000)
 Metaspace       used 337166K, committed 340352K, reserved 753664K
  class space    used 42413K, committed 43840K, reserved 425984K
GC Heap History (20 events):
Event: 83.655 GC heap before
{Heap before GC invocations=65 (full 6):
 PSYoungGen      total 291840K, used 101670K [0x00000007aab00000, 0x00000007c5500000, 0x0000000800000000)
  eden space 177664K, 6% used [0x00000007aab00000,0x00000007ab5f9028,0x00000007b5880000)
  from space 114176K, 79% used [0x00000007bd180000,0x00000007c29d0bc0,0x00000007c4100000)
  to   space 123904K, 0% used [0x00000007b5880000,0x00000007b5880000,0x00000007bd180000)
 ParOldGen       total 458240K, used 302156K [0x0000000700000000, 0x000000071bf80000, 0x00000007aab00000)
  object space 458240K, 65% used [0x0000000700000000,0x00000007127131c8,0x000000071bf80000)
 Metaspace       used 233907K, committed 236928K, reserved 688128K
  class space    used 30034K, committed 31360K, reserved 425984K
}
Event: 83.705 GC heap after
{Heap after GC invocations=65 (full 6):
 PSYoungGen      total 301568K, used 91492K [0x00000007aab00000, 0x00000007c6400000, 0x0000000800000000)
  eden space 177664K, 0% used [0x00000007aab00000,0x00000007aab00000,0x00000007b5880000)
  from space 123904K, 73% used [0x00000007b5880000,0x00000007bb1d9380,0x00000007bd180000)
  to   space 131584K, 0% used [0x00000007be380000,0x00000007be380000,0x00000007c6400000)
 ParOldGen       total 458240K, used 302164K [0x0000000700000000, 0x000000071bf80000, 0x00000007aab00000)
  object space 458240K, 65% used [0x0000000700000000,0x00000007127151c8,0x000000071bf80000)
 Metaspace       used 233907K, committed 236928K, reserved 688128K
  class space    used 30034K, committed 31360K, reserved 425984K
}
Event: 83.705 GC heap before
{Heap before GC invocations=66 (full 7):
 PSYoungGen      total 301568K, used 91492K [0x00000007aab00000, 0x00000007c6400000, 0x0000000800000000)
  eden space 177664K, 0% used [0x00000007aab00000,0x00000007aab00000,0x00000007b5880000)
  from space 123904K, 73% used [0x00000007b5880000,0x00000007bb1d9380,0x00000007bd180000)
  to   space 131584K, 0% used [0x00000007be380000,0x00000007be380000,0x00000007c6400000)
 ParOldGen       total 458240K, used 302164K [0x0000000700000000, 0x000000071bf80000, 0x00000007aab00000)
  object space 458240K, 65% used [0x0000000700000000,0x00000007127151c8,0x000000071bf80000)
 Metaspace       used 233907K, committed 236928K, reserved 688128K
  class space    used 30034K, committed 31360K, reserved 425984K
}
Event: 84.269 GC heap after
{Heap after GC invocations=66 (full 7):
 PSYoungGen      total 301568K, used 0K [0x00000007aab00000, 0x00000007c6400000, 0x0000000800000000)
  eden space 177664K, 0% used [0x00000007aab00000,0x00000007aab00000,0x00000007b5880000)
  from space 123904K, 0% used [0x00000007b5880000,0x00000007b5880000,0x00000007bd180000)
  to   space 131584K, 0% used [0x00000007be380000,0x00000007be380000,0x00000007c6400000)
 ParOldGen       total 458240K, used 371258K [0x0000000700000000, 0x000000071bf80000, 0x00000007aab00000)
  object space 458240K, 81% used [0x0000000700000000,0x0000000716a8ebc0,0x000000071bf80000)
 Metaspace       used 233577K, committed 236928K, reserved 688128K
  class space    used 29968K, committed 31360K, reserved 425984K
}
Event: 87.885 GC heap before
{Heap before GC invocations=67 (full 7):
 PSYoungGen      total 301568K, used 177629K [0x00000007aab00000, 0x00000007c6400000, 0x0000000800000000)
  eden space 177664K, 99% used [0x00000007aab00000,0x00000007b5877798,0x00000007b5880000)
  from space 123904K, 0% used [0x00000007b5880000,0x00000007b5880000,0x00000007bd180000)
  to   space 131584K, 0% used [0x00000007be380000,0x00000007be380000,0x00000007c6400000)
 ParOldGen       total 458240K, used 371258K [0x0000000700000000, 0x000000071bf80000, 0x00000007aab00000)
  object space 458240K, 81% used [0x0000000700000000,0x0000000716a8ebc0,0x000000071bf80000)
 Metaspace       used 248440K, committed 251456K, reserved 688128K
  class space    used 32006K, committed 33344K, reserved 425984K
}
Event: 87.895 GC heap after
{Heap after GC invocations=67 (full 7):
 PSYoungGen      total 321536K, used 18530K [0x00000007aab00000, 0x00000007c6980000, 0x0000000800000000)
  eden space 189952K, 0% used [0x00000007aab00000,0x00000007aab00000,0x00000007b6480000)
  from space 131584K, 14% used [0x00000007be380000,0x00000007bf5989c8,0x00000007c6400000)
  to   space 130048K, 0% used [0x00000007b6480000,0x00000007b6480000,0x00000007be380000)
 ParOldGen       total 458240K, used 371266K [0x0000000700000000, 0x000000071bf80000, 0x00000007aab00000)
  object space 458240K, 81% used [0x0000000700000000,0x0000000716a90bc0,0x000000071bf80000)
 Metaspace       used 248440K, committed 251456K, reserved 688128K
  class space    used 32006K, committed 33344K, reserved 425984K
}
Event: 89.689 GC heap before
{Heap before GC invocations=68 (full 7):
 PSYoungGen      total 321536K, used 208482K [0x00000007aab00000, 0x00000007c6980000, 0x0000000800000000)
  eden space 189952K, 100% used [0x00000007aab00000,0x00000007b6480000,0x00000007b6480000)
  from space 131584K, 14% used [0x00000007be380000,0x00000007bf5989c8,0x00000007c6400000)
  to   space 130048K, 0% used [0x00000007b6480000,0x00000007b6480000,0x00000007be380000)
 ParOldGen       total 458240K, used 371266K [0x0000000700000000, 0x000000071bf80000, 0x00000007aab00000)
  object space 458240K, 81% used [0x0000000700000000,0x0000000716a90bc0,0x000000071bf80000)
 Metaspace       used 256972K, committed 259968K, reserved 688128K
  class space    used 32927K, committed 34240K, reserved 425984K
}
Event: 89.704 GC heap after
{Heap after GC invocations=68 (full 7):
 PSYoungGen      total 320000K, used 29500K [0x00000007aab00000, 0x00000007c6c80000, 0x0000000800000000)
  eden space 189952K, 0% used [0x00000007aab00000,0x00000007aab00000,0x00000007b6480000)
  from space 130048K, 22% used [0x00000007b6480000,0x00000007b814f2f0,0x00000007be380000)
  to   space 125952K, 0% used [0x00000007bf180000,0x00000007bf180000,0x00000007c6c80000)
 ParOldGen       total 458240K, used 371274K [0x0000000700000000, 0x000000071bf80000, 0x00000007aab00000)
  object space 458240K, 81% used [0x0000000700000000,0x0000000716a92bc0,0x000000071bf80000)
 Metaspace       used 256972K, committed 259968K, reserved 688128K
  class space    used 32927K, committed 34240K, reserved 425984K
}
Event: 92.434 GC heap before
{Heap before GC invocations=69 (full 7):
 PSYoungGen      total 320000K, used 219452K [0x00000007aab00000, 0x00000007c6c80000, 0x0000000800000000)
  eden space 189952K, 100% used [0x00000007aab00000,0x00000007b6480000,0x00000007b6480000)
  from space 130048K, 22% used [0x00000007b6480000,0x00000007b814f2f0,0x00000007be380000)
  to   space 125952K, 0% used [0x00000007bf180000,0x00000007bf180000,0x00000007c6c80000)
 ParOldGen       total 458240K, used 371274K [0x0000000700000000, 0x000000071bf80000, 0x00000007aab00000)
  object space 458240K, 81% used [0x0000000700000000,0x0000000716a92bc0,0x000000071bf80000)
 Metaspace       used 269666K, committed 272704K, reserved 688128K
  class space    used 34685K, committed 36032K, reserved 425984K
}
Event: 92.458 GC heap after
{Heap after GC invocations=69 (full 7):
 PSYoungGen      total 315904K, used 48788K [0x00000007aab00000, 0x00000007c5c00000, 0x0000000800000000)
  eden space 206848K, 0% used [0x00000007aab00000,0x00000007aab00000,0x00000007b7500000)
  from space 109056K, 44% used [0x00000007bf180000,0x00000007c2125008,0x00000007c5c00000)
  to   space 118272K, 0% used [0x00000007b7500000,0x00000007b7500000,0x00000007be880000)
 ParOldGen       total 458240K, used 371282K [0x0000000700000000, 0x000000071bf80000, 0x00000007aab00000)
  object space 458240K, 81% used [0x0000000700000000,0x0000000716a94bc0,0x000000071bf80000)
 Metaspace       used 269666K, committed 272704K, reserved 688128K
  class space    used 34685K, committed 36032K, reserved 425984K
}
Event: 97.815 GC heap before
{Heap before GC invocations=70 (full 7):
 PSYoungGen      total 315904K, used 255636K [0x00000007aab00000, 0x00000007c5c00000, 0x0000000800000000)
  eden space 206848K, 100% used [0x00000007aab00000,0x00000007b7500000,0x00000007b7500000)
  from space 109056K, 44% used [0x00000007bf180000,0x00000007c2125008,0x00000007c5c00000)
  to   space 118272K, 0% used [0x00000007b7500000,0x00000007b7500000,0x00000007be880000)
 ParOldGen       total 458240K, used 371282K [0x0000000700000000, 0x000000071bf80000, 0x00000007aab00000)
  object space 458240K, 81% used [0x0000000700000000,0x0000000716a94bc0,0x000000071bf80000)
 Metaspace       used 287197K, committed 290368K, reserved 688128K
  class space    used 36911K, committed 38336K, reserved 425984K
}
Event: 97.844 GC heap after
{Heap after GC invocations=70 (full 7):
 PSYoungGen      total 325120K, used 66933K [0x00000007aab00000, 0x00000007c6b80000, 0x0000000800000000)
  eden space 206848K, 0% used [0x00000007aab00000,0x00000007aab00000,0x00000007b7500000)
  from space 118272K, 56% used [0x00000007b7500000,0x00000007bb65d7d0,0x00000007be880000)
  to   space 118272K, 0% used [0x00000007bf800000,0x00000007bf800000,0x00000007c6b80000)
 ParOldGen       total 458240K, used 371781K [0x0000000700000000, 0x000000071bf80000, 0x00000007aab00000)
  object space 458240K, 81% used [0x0000000700000000,0x0000000716b11490,0x000000071bf80000)
 Metaspace       used 287197K, committed 290368K, reserved 688128K
  class space    used 36911K, committed 38336K, reserved 425984K
}
Event: 101.925 GC heap before
{Heap before GC invocations=71 (full 7):
 PSYoungGen      total 325120K, used 273781K [0x00000007aab00000, 0x00000007c6b80000, 0x0000000800000000)
  eden space 206848K, 100% used [0x00000007aab00000,0x00000007b7500000,0x00000007b7500000)
  from space 118272K, 56% used [0x00000007b7500000,0x00000007bb65d7d0,0x00000007be880000)
  to   space 118272K, 0% used [0x00000007bf800000,0x00000007bf800000,0x00000007c6b80000)
 ParOldGen       total 458240K, used 371781K [0x0000000700000000, 0x000000071bf80000, 0x00000007aab00000)
  object space 458240K, 81% used [0x0000000700000000,0x0000000716b11490,0x000000071bf80000)
 Metaspace       used 309760K, committed 312896K, reserved 753664K
  class space    used 39722K, committed 41152K, reserved 425984K
}
Event: 101.987 GC heap after
{Heap after GC invocations=71 (full 7):
 PSYoungGen      total 329728K, used 100338K [0x00000007aab00000, 0x00000007c8100000, 0x0000000800000000)
  eden space 211456K, 0% used [0x00000007aab00000,0x00000007aab00000,0x00000007b7980000)
  from space 118272K, 84% used [0x00000007bf800000,0x00000007c59fcaa8,0x00000007c6b80000)
  to   space 129536K, 0% used [0x00000007b7980000,0x00000007b7980000,0x00000007bf800000)
 ParOldGen       total 458240K, used 371797K [0x0000000700000000, 0x000000071bf80000, 0x00000007aab00000)
  object space 458240K, 81% used [0x0000000700000000,0x0000000716b15490,0x000000071bf80000)
 Metaspace       used 309760K, committed 312896K, reserved 753664K
  class space    used 39722K, committed 41152K, reserved 425984K
}
Event: 109.247 GC heap before
{Heap before GC invocations=72 (full 7):
 PSYoungGen      total 329728K, used 311794K [0x00000007aab00000, 0x00000007c8100000, 0x0000000800000000)
  eden space 211456K, 100% used [0x00000007aab00000,0x00000007b7980000,0x00000007b7980000)
  from space 118272K, 84% used [0x00000007bf800000,0x00000007c59fcaa8,0x00000007c6b80000)
  to   space 129536K, 0% used [0x00000007b7980000,0x00000007b7980000,0x00000007bf800000)
 ParOldGen       total 458240K, used 371797K [0x0000000700000000, 0x000000071bf80000, 0x00000007aab00000)
  object space 458240K, 81% used [0x0000000700000000,0x0000000716b15490,0x000000071bf80000)
 Metaspace       used 324678K, committed 327872K, reserved 753664K
  class space    used 41439K, committed 42880K, reserved 425984K
}
Event: 109.319 GC heap after
{Heap after GC invocations=72 (full 7):
 PSYoungGen      total 340992K, used 129525K [0x00000007aab00000, 0x00000007cb300000, 0x0000000800000000)
  eden space 211456K, 0% used [0x00000007aab00000,0x00000007aab00000,0x00000007b7980000)
  from space 129536K, 99% used [0x00000007b7980000,0x00000007bf7fd690,0x00000007bf800000)
  to   space 153088K, 0% used [0x00000007c1d80000,0x00000007c1d80000,0x00000007cb300000)
 ParOldGen       total 458240K, used 381571K [0x0000000700000000, 0x000000071bf80000, 0x00000007aab00000)
  object space 458240K, 83% used [0x0000000700000000,0x00000007174a0c88,0x000000071bf80000)
 Metaspace       used 324678K, committed 327872K, reserved 753664K
  class space    used 41439K, committed 42880K, reserved 425984K
}
Event: 116.138 GC heap before
{Heap before GC invocations=73 (full 7):
 PSYoungGen      total 340992K, used 340981K [0x00000007aab00000, 0x00000007cb300000, 0x0000000800000000)
  eden space 211456K, 100% used [0x00000007aab00000,0x00000007b7980000,0x00000007b7980000)
  from space 129536K, 99% used [0x00000007b7980000,0x00000007bf7fd690,0x00000007bf800000)
  to   space 153088K, 0% used [0x00000007c1d80000,0x00000007c1d80000,0x00000007cb300000)
 ParOldGen       total 458240K, used 381571K [0x0000000700000000, 0x000000071bf80000, 0x00000007aab00000)
  object space 458240K, 83% used [0x0000000700000000,0x00000007174a0c88,0x000000071bf80000)
 Metaspace       used 332905K, committed 336064K, reserved 753664K
  class space    used 42106K, committed 43520K, reserved 425984K
}
Event: 116.239 GC heap after
{Heap after GC invocations=73 (full 7):
 PSYoungGen      total 353792K, used 153062K [0x00000007aab00000, 0x00000007ce500000, 0x0000000800000000)
  eden space 200704K, 0% used [0x00000007aab00000,0x00000007aab00000,0x00000007b6f00000)
  from space 153088K, 99% used [0x00000007c1d80000,0x00000007cb2f9950,0x00000007cb300000)
  to   space 178688K, 0% used [0x00000007b6f00000,0x00000007b6f00000,0x00000007c1d80000)
 ParOldGen       total 458240K, used 385331K [0x0000000700000000, 0x000000071bf80000, 0x00000007aab00000)
  object space 458240K, 84% used [0x0000000700000000,0x000000071784cec8,0x000000071bf80000)
 Metaspace       used 332905K, committed 336064K, reserved 753664K
  class space    used 42106K, committed 43520K, reserved 425984K
}
Event: 120.692 GC heap before
{Heap before GC invocations=74 (full 7):
 PSYoungGen      total 353792K, used 353766K [0x00000007aab00000, 0x00000007ce500000, 0x0000000800000000)
  eden space 200704K, 100% used [0x00000007aab00000,0x00000007b6f00000,0x00000007b6f00000)
  from space 153088K, 99% used [0x00000007c1d80000,0x00000007cb2f9950,0x00000007cb300000)
  to   space 178688K, 0% used [0x00000007b6f00000,0x00000007b6f00000,0x00000007c1d80000)
 ParOldGen       total 458240K, used 385331K [0x0000000700000000, 0x000000071bf80000, 0x00000007aab00000)
  object space 458240K, 84% used [0x0000000700000000,0x000000071784cec8,0x000000071bf80000)
 Metaspace       used 335697K, committed 338944K, reserved 753664K
  class space    used 42329K, committed 43776K, reserved 425984K
}
Event: 122.794 GC heap after
{Heap after GC invocations=74 (full 7):
 PSYoungGen      total 379392K, used 172658K [0x00000007aab00000, 0x00000007ce500000, 0x0000000800000000)
  eden space 200704K, 0% used [0x00000007aab00000,0x00000007aab00000,0x00000007b6f00000)
  from space 178688K, 96% used [0x00000007b6f00000,0x00000007c179c928,0x00000007c1d80000)
  to   space 153088K, 0% used [0x00000007c1d80000,0x00000007c1d80000,0x00000007cb300000)
 ParOldGen       total 458240K, used 385347K [0x0000000700000000, 0x000000071bf80000, 0x00000007aab00000)
  object space 458240K, 84% used [0x0000000700000000,0x0000000717850ec8,0x000000071bf80000)
 Metaspace       used 335697K, committed 338944K, reserved 753664K
  class space    used 42329K, committed 43776K, reserved 425984K
}

